#! /usr/bin/vvp
:ivl_version "0.9.7 " "(v0_9_7)";
:vpi_time_precision + 0;
:vpi_module "system";
:vpi_module "v2005_math";
:vpi_module "va_math";
S_0x1cdde00 .scope module, "CLFullAdder_test" "CLFullAdder_test" 2 1;
 .timescale 0 0;
v0x1cf2b60_0 .var "a", 0 0;
v0x1cf2be0_0 .var "b", 0 0;
v0x1cf2c60_0 .var "cin", 0 0;
v0x1cf2d30_0 .net "g", 0 0, L_0x1cf26d0; 1 drivers
v0x1cf2db0_0 .net "p", 0 0, L_0x1cf39b0; 1 drivers
v0x1cf2e80_0 .net "sum", 0 0, L_0x1cf3440; 1 drivers
S_0x1cda060 .scope module, "cLFullAdder" "CLFullAdder" 2 23, 3 2, S_0x1cdde00;
 .timescale 0 0;
v0x1cf2630_0 .net "a", 0 0, v0x1cf2b60_0; 1 drivers
v0x1cf2760_0 .net "b", 0 0, v0x1cf2be0_0; 1 drivers
v0x1cf2870_0 .net "cin", 0 0, v0x1cf2c60_0; 1 drivers
v0x1cf28f0_0 .alias "g", 0 0, v0x1cf2d30_0;
v0x1cf29a0_0 .net "g0_out", 0 0, L_0x1cf3100; 1 drivers
v0x1cf2a20_0 .alias "p", 0 0, v0x1cf2db0_0;
v0x1cf2ae0_0 .alias "sum", 0 0, v0x1cf2e80_0;
S_0x1cf2190 .scope module, "g0" "Xor" 3 8, 4 1, S_0x1cda060;
 .timescale 0 0;
L_0x1cf2f90 .functor NAND 1, v0x1cf2b60_0, v0x1cf2be0_0, C4<1>, C4<1>;
L_0x1cf2ff0 .functor NAND 1, v0x1cf2b60_0, L_0x1cf2f90, C4<1>, C4<1>;
L_0x1cf30a0 .functor NAND 1, L_0x1cf2f90, v0x1cf2be0_0, C4<1>, C4<1>;
L_0x1cf3100 .functor NAND 1, L_0x1cf2ff0, L_0x1cf30a0, C4<1>, C4<1>;
v0x1cf2280_0 .alias "a", 0 0, v0x1cf2630_0;
v0x1cf2320_0 .alias "b", 0 0, v0x1cf2760_0;
v0x1cf23a0_0 .alias "out", 0 0, v0x1cf29a0_0;
v0x1cf2420_0 .net "w0", 0 0, L_0x1cf2f90; 1 drivers
v0x1cf24d0_0 .net "w1", 0 0, L_0x1cf2ff0; 1 drivers
v0x1cf2550_0 .net "w2", 0 0, L_0x1cf30a0; 1 drivers
S_0x1cf1cd0 .scope module, "g1" "Xor" 3 9, 4 1, S_0x1cda060;
 .timescale 0 0;
L_0x1cf3200 .functor NAND 1, L_0x1cf3100, v0x1cf2c60_0, C4<1>, C4<1>;
L_0x1cf32f0 .functor NAND 1, L_0x1cf3100, L_0x1cf3200, C4<1>, C4<1>;
L_0x1cf3350 .functor NAND 1, L_0x1cf3200, v0x1cf2c60_0, C4<1>, C4<1>;
L_0x1cf3440 .functor NAND 1, L_0x1cf32f0, L_0x1cf3350, C4<1>, C4<1>;
v0x1cf1dc0_0 .alias "a", 0 0, v0x1cf29a0_0;
v0x1cf1e40_0 .alias "b", 0 0, v0x1cf2870_0;
v0x1cf1ec0_0 .alias "out", 0 0, v0x1cf2e80_0;
v0x1cf1f60_0 .net "w0", 0 0, L_0x1cf3200; 1 drivers
v0x1cf2010_0 .net "w1", 0 0, L_0x1cf32f0; 1 drivers
v0x1cf20b0_0 .net "w2", 0 0, L_0x1cf3350; 1 drivers
S_0x1cf1720 .scope module, "g2" "And" 3 10, 5 1, S_0x1cda060;
 .timescale 0 0;
L_0x1cf34f0 .functor NAND 1, v0x1cf2b60_0, v0x1cf2be0_0, C4<1>, C4<1>;
v0x1cf1a00_0 .alias "a", 0 0, v0x1cf2630_0;
v0x1cf1ad0_0 .alias "b", 0 0, v0x1cf2760_0;
v0x1cf1ba0_0 .alias "out", 0 0, v0x1cf2d30_0;
v0x1cf1c20_0 .net "w", 0 0, L_0x1cf34f0; 1 drivers
S_0x1cf1810 .scope module, "not0" "Not" 5 8, 6 1, S_0x1cf1720;
 .timescale 0 0;
L_0x1cf26d0 .functor NAND 1, L_0x1cf34f0, L_0x1cf34f0, C4<1>, C4<1>;
v0x1cf1900_0 .alias "in", 0 0, v0x1cf1c20_0;
v0x1cf1980_0 .alias "out", 0 0, v0x1cf2d30_0;
S_0x1cda150 .scope module, "g3" "Or" 3 11, 7 1, S_0x1cda060;
 .timescale 0 0;
L_0x1cf39b0 .functor NAND 1, L_0x1cf3870, L_0x1cf3910, C4<1>, C4<1>;
v0x1cf1390_0 .alias "a", 0 0, v0x1cf2630_0;
v0x1cf1460_0 .alias "b", 0 0, v0x1cf2760_0;
v0x1cf1510_0 .alias "out", 0 0, v0x1cf2db0_0;
v0x1cf1590_0 .net "w0", 0 0, L_0x1cf3870; 1 drivers
v0x1cf1670_0 .net "w1", 0 0, L_0x1cf3910; 1 drivers
S_0x1cf1140 .scope module, "not0" "Not" 7 7, 6 1, S_0x1cda150;
 .timescale 0 0;
L_0x1cf3870 .functor NAND 1, v0x1cf2b60_0, v0x1cf2b60_0, C4<1>, C4<1>;
v0x1cf1230_0 .alias "in", 0 0, v0x1cf2630_0;
v0x1cf12f0_0 .alias "out", 0 0, v0x1cf1590_0;
S_0x1ca2690 .scope module, "not1" "Not" 7 8, 6 1, S_0x1cda150;
 .timescale 0 0;
L_0x1cf3910 .functor NAND 1, v0x1cf2be0_0, v0x1cf2be0_0, C4<1>, C4<1>;
v0x1ca2780_0 .alias "in", 0 0, v0x1cf2760_0;
v0x1cf10a0_0 .alias "out", 0 0, v0x1cf1670_0;
    .scope S_0x1cdde00;
T_0 ;
    %vpi_call 2 8 "$dumpfile", "CLFullAdder_test.vcd";
    %vpi_call 2 9 "$dumpvars", 1'sb0, S_0x1cda060;
    %vpi_call 2 10 "$monitor", "a = %b, b = %b, cin = %b, sum = %b, p = %b, g = %b", v0x1cf2b60_0, v0x1cf2be0_0, v0x1cf2c60_0, v0x1cf2e80_0, v0x1cf2db0_0, v0x1cf2d30_0;
    %delay 1, 0;
    %set/v v0x1cf2b60_0, 0, 1;
    %set/v v0x1cf2be0_0, 0, 1;
    %set/v v0x1cf2c60_0, 0, 1;
    %delay 1, 0;
    %set/v v0x1cf2c60_0, 1, 1;
    %delay 1, 0;
    %set/v v0x1cf2be0_0, 1, 1;
    %set/v v0x1cf2c60_0, 0, 1;
    %delay 1, 0;
    %set/v v0x1cf2c60_0, 1, 1;
    %delay 1, 0;
    %set/v v0x1cf2b60_0, 1, 1;
    %set/v v0x1cf2be0_0, 0, 1;
    %set/v v0x1cf2c60_0, 0, 1;
    %delay 1, 0;
    %set/v v0x1cf2c60_0, 1, 1;
    %delay 1, 0;
    %set/v v0x1cf2be0_0, 1, 1;
    %set/v v0x1cf2c60_0, 0, 1;
    %delay 1, 0;
    %set/v v0x1cf2c60_0, 1, 1;
    %delay 1, 0;
    %vpi_call 2 20 "$finish";
    %end;
    .thread T_0;
# The file index is used to find the file name in the following table.
:file_names 8;
    "N/A";
    "<interactive>";
    "CLFullAdder_test.v";
    "CLFullAdder.v";
    "Xor.v";
    "And.v";
    "Not.v";
    "Or.v";
